# JRE version: Java(TM) SE Runtime Environment (8.0_45-b14) (build 1.8.0_45-b14)
# Java VM: Java HotSpot(TM) 64-Bit Server VM (25.45-b02 mixed mode linux-amd64 compressed oops)
Heap:
 PSYoungGen      total 27136K, used 11150K [0x00000000e2380000, 0x00000000e4180000, 0x0000000100000000)
  eden space 23552K, 47% used [0x00000000e2380000,0x00000000e2e639b8,0x00000000e3a80000)
  from space 3584K, 0% used [0x00000000e3a80000,0x00000000e3a80000,0x00000000e3e00000)
  to   space 3584K, 0% used [0x00000000e3e00000,0x00000000e3e00000,0x00000000e4180000)
 ParOldGen       total 43520K, used 12502K [0x00000000a6a00000, 0x00000000a9480000, 0x00000000e2380000)
  object space 43520K, 28% used [0x00000000a6a00000,0x00000000a7635b70,0x00000000a9480000)
 Metaspace       used 27939K, capacity 28998K, committed 29440K, reserved 1075200K
  class space    used 3833K, capacity 4042K, committed 4096K, reserved 1048576K
GC Heap History (8 events):
Event: 2,725 GC heap before
{Heap before GC invocations=1 (full 0):
 PSYoungGen      total 27136K, used 23552K [0x00000000e2380000, 0x00000000e4180000, 0x0000000100000000)
  eden space 23552K, 100% used [0x00000000e2380000,0x00000000e3a80000,0x00000000e3a80000)
  from space 3584K, 0% used [0x00000000e3e00000,0x00000000e3e00000,0x00000000e4180000)
  to   space 3584K, 0% used [0x00000000e3a80000,0x00000000e3a80000,0x00000000e3e00000)
 ParOldGen       total 61440K, used 0K [0x00000000a6a00000, 0x00000000aa600000, 0x00000000e2380000)
  object space 61440K, 0% used [0x00000000a6a00000,0x00000000a6a00000,0x00000000aa600000)
 Metaspace       used 11785K, capacity 12252K, committed 12544K, reserved 1060864K
  class space    used 1593K, capacity 1691K, committed 1792K, reserved 1048576K
Event: 2,744 GC heap after
Heap after GC invocations=1 (full 0):
 PSYoungGen      total 27136K, used 3557K [0x00000000e2380000, 0x00000000e4180000, 0x0000000100000000)
  eden space 23552K, 0% used [0x00000000e2380000,0x00000000e2380000,0x00000000e3a80000)
  from space 3584K, 99% used [0x00000000e3a80000,0x00000000e3df9740,0x00000000e3e00000)
  to   space 3584K, 0% used [0x00000000e3e00000,0x00000000e3e00000,0x00000000e4180000)
 ParOldGen       total 61440K, used 919K [0x00000000a6a00000, 0x00000000aa600000, 0x00000000e2380000)
  object space 61440K, 1% used [0x00000000a6a00000,0x00000000a6ae5e88,0x00000000aa600000)
 Metaspace       used 11785K, capacity 12252K, committed 12544K, reserved 1060864K
  class space    used 1593K, capacity 1691K, committed 1792K, reserved 1048576K
}
Event: 14,811 GC heap before
{Heap before GC invocations=2 (full 0):
 PSYoungGen      total 27136K, used 26401K [0x00000000e2380000, 0x00000000e4180000, 0x0000000100000000)
  eden space 23552K, 96% used [0x00000000e2380000,0x00000000e39cef08,0x00000000e3a80000)
  from space 3584K, 99% used [0x00000000e3a80000,0x00000000e3df9740,0x00000000e3e00000)
  to   space 3584K, 0% used [0x00000000e3e00000,0x00000000e3e00000,0x00000000e4180000)
 ParOldGen       total 61440K, used 919K [0x00000000a6a00000, 0x00000000aa600000, 0x00000000e2380000)
  object space 61440K, 1% used [0x00000000a6a00000,0x00000000a6ae5e88,0x00000000aa600000)
 Metaspace       used 17520K, capacity 18554K, committed 18688K, reserved 1064960K
  class space    used 2555K, capacity 2768K, committed 2816K, reserved 1048576K
Event: 14,836 GC heap after
Heap after GC invocations=2 (full 0):
 PSYoungGen      total 27136K, used 3578K [0x00000000e2380000, 0x00000000e4180000, 0x0000000100000000)
  eden space 23552K, 0% used [0x00000000e2380000,0x00000000e2380000,0x00000000e3a80000)
  from space 3584K, 99% used [0x00000000e3e00000,0x00000000e417e888,0x00000000e4180000)
  to   space 3584K, 0% used [0x00000000e3a80000,0x00000000e3a80000,0x00000000e3e00000)
 ParOldGen       total 61440K, used 7734K [0x00000000a6a00000, 0x00000000aa600000, 0x00000000e2380000)
  object space 61440K, 12% used [0x00000000a6a00000,0x00000000a718d808,0x00000000aa600000)
 Metaspace       used 17520K, capacity 18554K, committed 18688K, reserved 1064960K
  class space    used 2555K, capacity 2768K, committed 2816K, reserved 1048576K
}
Event: 263,083 GC heap before
{Heap before GC invocations=3 (full 0):
 PSYoungGen      total 27136K, used 11142K [0x00000000e2380000, 0x00000000e4180000, 0x0000000100000000)
  eden space 23552K, 32% used [0x00000000e2380000,0x00000000e2ae3078,0x00000000e3a80000)
  from space 3584K, 99% used [0x00000000e3e00000,0x00000000e417e888,0x00000000e4180000)
  to   space 3584K, 0% used [0x00000000e3a80000,0x00000000e3a80000,0x00000000e3e00000)
 ParOldGen       total 61440K, used 7734K [0x00000000a6a00000, 0x00000000aa600000, 0x00000000e2380000)
  object space 61440K, 12% used [0x00000000a6a00000,0x00000000a718d808,0x00000000aa600000)
 Metaspace       used 20061K, capacity 21096K, committed 21248K, reserved 1067008K
  class space    used 2774K, capacity 2995K, committed 3072K, reserved 1048576K
Event: 263,107 GC heap after
Heap after GC invocations=3 (full 0):
 PSYoungGen      total 27136K, used 3559K [0x00000000e2380000, 0x00000000e4180000, 0x0000000100000000)
  eden space 23552K, 0% used [0x00000000e2380000,0x00000000e2380000,0x00000000e3a80000)
  from space 3584K, 99% used [0x00000000e3a80000,0x00000000e3df9f78,0x00000000e3e00000)
  to   space 3584K, 0% used [0x00000000e3e00000,0x00000000e3e00000,0x00000000e4180000)
 ParOldGen       total 61440K, used 10142K [0x00000000a6a00000, 0x00000000aa600000, 0x00000000e2380000)
  object space 61440K, 16% used [0x00000000a6a00000,0x00000000a73e7828,0x00000000aa600000)
 Metaspace       used 20061K, capacity 21096K, committed 21248K, reserved 1067008K
  class space    used 2774K, capacity 2995K, committed 3072K, reserved 1048576K
}
Event: 263,107 GC heap before
{Heap before GC invocations=4 (full 1):
 PSYoungGen      total 27136K, used 3559K [0x00000000e2380000, 0x00000000e4180000, 0x0000000100000000)
  eden space 23552K, 0% used [0x00000000e2380000,0x00000000e2380000,0x00000000e3a80000)
  from space 3584K, 99% used [0x00000000e3a80000,0x00000000e3df9f78,0x00000000e3e00000)
  to   space 3584K, 0% used [0x00000000e3e00000,0x00000000e3e00000,0x00000000e4180000)
 ParOldGen       total 61440K, used 10142K [0x00000000a6a00000, 0x00000000aa600000, 0x00000000e2380000)
  object space 61440K, 16% used [0x00000000a6a00000,0x00000000a73e7828,0x00000000aa600000)
 Metaspace       used 20061K, capacity 21096K, committed 21248K, reserved 1067008K
  class space    used 2774K, capacity 2995K, committed 3072K, reserved 1048576K
Event: 263,216 GC heap after
Heap after GC invocations=4 (full 1):
 PSYoungGen      total 27136K, used 0K [0x00000000e2380000, 0x00000000e4180000, 0x0000000100000000)
  eden space 23552K, 0% used [0x00000000e2380000,0x00000000e2380000,0x00000000e3a80000)
  from space 3584K, 0% used [0x00000000e3a80000,0x00000000e3a80000,0x00000000e3e00000)
  to   space 3584K, 0% used [0x00000000e3e00000,0x00000000e3e00000,0x00000000e4180000)
 ParOldGen       total 43520K, used 12502K [0x00000000a6a00000, 0x00000000a9480000, 0x00000000e2380000)
  object space 43520K, 28% used [0x00000000a6a00000,0x00000000a7635b70,0x00000000a9480000)
 Metaspace       used 20061K, capacity 21096K, committed 21248K, reserved 1067008K
  class space    used 2774K, capacity 2995K, committed 3072K, reserved 1048576K
}

