# JRE version: Java(TM) SE Runtime Environment (8.0_45-b14) (build 1.8.0_45-b14)
# Java VM: Java HotSpot(TM) 64-Bit Server VM (25.45-b02 mixed mode linux-amd64 compressed oops)
Heap:
 PSYoungGen      total 27136K, used 21423K [0x00000000e2380000, 0x00000000e4180000, 0x0000000100000000)
  eden space 23552K, 90% used [0x00000000e2380000,0x00000000e386bce0,0x00000000e3a80000)
  from space 3584K, 0% used [0x00000000e3e00000,0x00000000e3e00000,0x00000000e4180000)
  to   space 3584K, 0% used [0x00000000e3a80000,0x00000000e3a80000,0x00000000e3e00000)
 ParOldGen       total 50176K, used 7236K [0x00000000a6a00000, 0x00000000a9b00000, 0x00000000e2380000)
  object space 50176K, 14% used [0x00000000a6a00000,0x00000000a71110c8,0x00000000a9b00000)
 Metaspace       used 27918K, capacity 29080K, committed 29488K, reserved 1075200K
  class space    used 3819K, capacity 4039K, committed 4144K, reserved 1048576K
GC Heap History (6 events):
Event: 2,338 GC heap before
{Heap before GC invocations=1 (full 0):
 PSYoungGen      total 27136K, used 23552K [0x00000000e2380000, 0x00000000e4180000, 0x0000000100000000)
  eden space 23552K, 100% used [0x00000000e2380000,0x00000000e3a80000,0x00000000e3a80000)
  from space 3584K, 0% used [0x00000000e3e00000,0x00000000e3e00000,0x00000000e4180000)
  to   space 3584K, 0% used [0x00000000e3a80000,0x00000000e3a80000,0x00000000e3e00000)
 ParOldGen       total 61440K, used 0K [0x00000000a6a00000, 0x00000000aa600000, 0x00000000e2380000)
  object space 61440K, 0% used [0x00000000a6a00000,0x00000000a6a00000,0x00000000aa600000)
 Metaspace       used 11800K, capacity 12252K, committed 12544K, reserved 1060864K
  class space    used 1593K, capacity 1691K, committed 1792K, reserved 1048576K
Event: 2,351 GC heap after
Heap after GC invocations=1 (full 0):
 PSYoungGen      total 27136K, used 3557K [0x00000000e2380000, 0x00000000e4180000, 0x0000000100000000)
  eden space 23552K, 0% used [0x00000000e2380000,0x00000000e2380000,0x00000000e3a80000)
  from space 3584K, 99% used [0x00000000e3a80000,0x00000000e3df9740,0x00000000e3e00000)
  to   space 3584K, 0% used [0x00000000e3e00000,0x00000000e3e00000,0x00000000e4180000)
 ParOldGen       total 61440K, used 916K [0x00000000a6a00000, 0x00000000aa600000, 0x00000000e2380000)
  object space 61440K, 1% used [0x00000000a6a00000,0x00000000a6ae5280,0x00000000aa600000)
 Metaspace       used 11800K, capacity 12252K, committed 12544K, reserved 1060864K
  class space    used 1593K, capacity 1691K, committed 1792K, reserved 1048576K
}
Event: 7,259 GC heap before
{Heap before GC invocations=2 (full 0):
 PSYoungGen      total 27136K, used 21750K [0x00000000e2380000, 0x00000000e4180000, 0x0000000100000000)
  eden space 23552K, 77% used [0x00000000e2380000,0x00000000e3544148,0x00000000e3a80000)
  from space 3584K, 99% used [0x00000000e3a80000,0x00000000e3df9740,0x00000000e3e00000)
  to   space 3584K, 0% used [0x00000000e3e00000,0x00000000e3e00000,0x00000000e4180000)
 ParOldGen       total 61440K, used 916K [0x00000000a6a00000, 0x00000000aa600000, 0x00000000e2380000)
  object space 61440K, 1% used [0x00000000a6a00000,0x00000000a6ae5280,0x00000000aa600000)
 Metaspace       used 20110K, capacity 21206K, committed 21296K, reserved 1067008K
  class space    used 2863K, capacity 3092K, committed 3120K, reserved 1048576K
Event: 7,297 GC heap after
Heap after GC invocations=2 (full 0):
 PSYoungGen      total 27136K, used 3573K [0x00000000e2380000, 0x00000000e4180000, 0x0000000100000000)
  eden space 23552K, 0% used [0x00000000e2380000,0x00000000e2380000,0x00000000e3a80000)
  from space 3584K, 99% used [0x00000000e3e00000,0x00000000e417d730,0x00000000e4180000)
  to   space 3584K, 0% used [0x00000000e3a80000,0x00000000e3a80000,0x00000000e3e00000)
 ParOldGen       total 61440K, used 3909K [0x00000000a6a00000, 0x00000000aa600000, 0x00000000e2380000)
  object space 61440K, 6% used [0x00000000a6a00000,0x00000000a6dd1628,0x00000000aa600000)
 Metaspace       used 20110K, capacity 21206K, committed 21296K, reserved 1067008K
  class space    used 2863K, capacity 3092K, committed 3120K, reserved 1048576K
}
Event: 7,297 GC heap before
{Heap before GC invocations=3 (full 1):
 PSYoungGen      total 27136K, used 3573K [0x00000000e2380000, 0x00000000e4180000, 0x0000000100000000)
  eden space 23552K, 0% used [0x00000000e2380000,0x00000000e2380000,0x00000000e3a80000)
  from space 3584K, 99% used [0x00000000e3e00000,0x00000000e417d730,0x00000000e4180000)
  to   space 3584K, 0% used [0x00000000e3a80000,0x00000000e3a80000,0x00000000e3e00000)
 ParOldGen       total 61440K, used 3909K [0x00000000a6a00000, 0x00000000aa600000, 0x00000000e2380000)
  object space 61440K, 6% used [0x00000000a6a00000,0x00000000a6dd1628,0x00000000aa600000)
 Metaspace       used 20110K, capacity 21206K, committed 21296K, reserved 1067008K
  class space    used 2863K, capacity 3092K, committed 3120K, reserved 1048576K
Event: 7,386 GC heap after
Heap after GC invocations=3 (full 1):
 PSYoungGen      total 27136K, used 0K [0x00000000e2380000, 0x00000000e4180000, 0x0000000100000000)
  eden space 23552K, 0% used [0x00000000e2380000,0x00000000e2380000,0x00000000e3a80000)
  from space 3584K, 0% used [0x00000000e3e00000,0x00000000e3e00000,0x00000000e4180000)
  to   space 3584K, 0% used [0x00000000e3a80000,0x00000000e3a80000,0x00000000e3e00000)
 ParOldGen       total 50176K, used 7236K [0x00000000a6a00000, 0x00000000a9b00000, 0x00000000e2380000)
  object space 50176K, 14% used [0x00000000a6a00000,0x00000000a71110c8,0x00000000a9b00000)
 Metaspace       used 20110K, capacity 21206K, committed 21296K, reserved 1067008K
  class space    used 2863K, capacity 3092K, committed 3120K, reserved 1048576K
}

